Compiling the C compiler identification source file "CMakeCCompilerId.c" failed.
Compiler: /mnt/c/msys64/mingw64/bin/gcc.exe 
Build flags: 
Id flags:  

The output was:
1
C:/msys64/mingw64/bin/../lib/gcc/x86_64-w64-mingw32/13.1.0/../../../../x86_64-w64-mingw32/bin/ld.exe: cannot open output file a.exe: Invalid argument
collect2.exe: error: ld returned 1 exit status


Compiling the C compiler identification source file "CMakeCCompilerId.c" failed.
Compiler: /mnt/c/msys64/mingw64/bin/gcc.exe 
Build flags: 
Id flags: -c 

The output was:
1
Assembler messages:
Fatal error: can't create CMakeCCompilerId.o: Invalid argument


Compiling the C compiler identification source file "CMakeCCompilerId.c" failed.
Compiler: /mnt/c/msys64/mingw64/bin/gcc.exe 
Build flags: 
Id flags: -Aa 

The output was:
1
<command-line>: error: missing '(' after predicate


Compiling the C compiler identification source file "CMakeCCompilerId.c" failed.
Compiler: /mnt/c/msys64/mingw64/bin/gcc.exe 
Build flags: 
Id flags: -D__CLASSIC_C__ 

The output was:
1
C:/msys64/mingw64/bin/../lib/gcc/x86_64-w64-mingw32/13.1.0/../../../../x86_64-w64-mingw32/bin/ld.exe: cannot open output file a.exe: Invalid argument
collect2.exe: error: ld returned 1 exit status


Compiling the C compiler identification source file "CMakeCCompilerId.c" failed.
Compiler: /mnt/c/msys64/mingw64/bin/gcc.exe 
Build flags: 
Id flags: --target=arm-arm-none-eabi;-mcpu=cortex-m3 

The output was:
1
gcc.exe: warning: '-mcpu=' is deprecated; use '-mtune=' or '-march=' instead
gcc.exe: error: unrecognized command-line option '--target=arm-arm-none-eabi'


Compiling the C compiler identification source file "CMakeCCompilerId.c" failed.
Compiler: /mnt/c/msys64/mingw64/bin/gcc.exe 
Build flags: 
Id flags: -c;-I__does_not_exist__ 

The output was:
1
Assembler messages:
Fatal error: can't create CMakeCCompilerId.o: Invalid argument


Compiling the C compiler identification source file "CMakeCCompilerId.c" failed.
Compiler: /mnt/c/msys64/mingw64/bin/gcc.exe 
Build flags: 
Id flags:  

The output was:
1
C:/msys64/mingw64/bin/../lib/gcc/x86_64-w64-mingw32/13.1.0/../../../../x86_64-w64-mingw32/bin/ld.exe: cannot open output file a.exe: Invalid argument
collect2.exe: error: ld returned 1 exit status


Compiling the C compiler identification source file "CMakeCCompilerId.c" failed.
Compiler: /mnt/c/msys64/mingw64/bin/gcc.exe 
Build flags: 
Id flags: -c 

The output was:
1
Assembler messages:
Fatal error: can't create CMakeCCompilerId.o: Invalid argument


Compiling the C compiler identification source file "CMakeCCompilerId.c" failed.
Compiler: /mnt/c/msys64/mingw64/bin/gcc.exe 
Build flags: 
Id flags: -Aa 

The output was:
1
<command-line>: error: missing '(' after predicate


Compiling the C compiler identification source file "CMakeCCompilerId.c" failed.
Compiler: /mnt/c/msys64/mingw64/bin/gcc.exe 
Build flags: 
Id flags: -D__CLASSIC_C__ 

The output was:
1
C:/msys64/mingw64/bin/../lib/gcc/x86_64-w64-mingw32/13.1.0/../../../../x86_64-w64-mingw32/bin/ld.exe: cannot open output file a.exe: Invalid argument
collect2.exe: error: ld returned 1 exit status


Compiling the C compiler identification source file "CMakeCCompilerId.c" failed.
Compiler: /mnt/c/msys64/mingw64/bin/gcc.exe 
Build flags: 
Id flags: --target=arm-arm-none-eabi;-mcpu=cortex-m3 

The output was:
1
gcc.exe: warning: '-mcpu=' is deprecated; use '-mtune=' or '-march=' instead
gcc.exe: error: unrecognized command-line option '--target=arm-arm-none-eabi'


Compiling the C compiler identification source file "CMakeCCompilerId.c" failed.
Compiler: /mnt/c/msys64/mingw64/bin/gcc.exe 
Build flags: 
Id flags: -c;-I__does_not_exist__ 

The output was:
1
Assembler messages:
Fatal error: can't create CMakeCCompilerId.o: Invalid argument


Checking whether the C compiler is IAR using "" did not match "IAR .+ Compiler":
gcc.exe: fatal error: no input files
compilation terminated.
Checking whether the C compiler is IAR using "" did not match "IAR .+ Compiler":
gcc.exe: fatal error: no input files
compilation terminated.
Detecting C compiler ABI info failed to compile with the following output:
Change Dir: /home/eddi/EmbeddedMasterLv1/5기/GwangseonEo/lecture/5_week/interface/build/CMakeFiles/CMakeTmp

Run Build Command(s):/usr/bin/gmake -f Makefile cmTC_4950e/fast && /usr/bin/gmake  -f CMakeFiles/cmTC_4950e.dir/build.make CMakeFiles/cmTC_4950e.dir/build
gmake[1]: Entering directory '/home/eddi/EmbeddedMasterLv1/5기/GwangseonEo/lecture/5_week/interface/build/CMakeFiles/CMakeTmp'
Building C object CMakeFiles/cmTC_4950e.dir/CMakeCCompilerABI.c.o
/mnt/c/msys64/mingw64/bin/gcc.exe    -o CMakeFiles/cmTC_4950e.dir/CMakeCCompilerABI.c.o -c /usr/share/cmake-3.22/Modules/CMakeCCompilerABI.c
Assembler messages:
Fatal error: can't create CMakeFiles/cmTC_4950e.dir/CMakeCCompilerABI.c.o: Invalid argument
gmake[1]: *** [CMakeFiles/cmTC_4950e.dir/build.make:78: CMakeFiles/cmTC_4950e.dir/CMakeCCompilerABI.c.o] Error 1
gmake[1]: Leaving directory '/home/eddi/EmbeddedMasterLv1/5기/GwangseonEo/lecture/5_week/interface/build/CMakeFiles/CMakeTmp'
gmake: *** [Makefile:127: cmTC_4950e/fast] Error 2




Determining if the C compiler works failed with the following output:
Change Dir: /home/eddi/EmbeddedMasterLv1/5기/GwangseonEo/lecture/5_week/interface/build/CMakeFiles/CMakeTmp

Run Build Command(s):/usr/bin/gmake -f Makefile cmTC_2d3b8/fast && /usr/bin/gmake  -f CMakeFiles/cmTC_2d3b8.dir/build.make CMakeFiles/cmTC_2d3b8.dir/build
gmake[1]: Entering directory '/home/eddi/EmbeddedMasterLv1/5기/GwangseonEo/lecture/5_week/interface/build/CMakeFiles/CMakeTmp'
Building C object CMakeFiles/cmTC_2d3b8.dir/testCCompiler.c.o
/mnt/c/msys64/mingw64/bin/gcc.exe    -o CMakeFiles/cmTC_2d3b8.dir/testCCompiler.c.o -c /home/eddi/EmbeddedMasterLv1/5기/GwangseonEo/lecture/5_week/interface/build/CMakeFiles/CMakeTmp/testCCompiler.c
Assembler messages:
Fatal error: can't create CMakeFiles/cmTC_2d3b8.dir/testCCompiler.c.o: Invalid argument
gmake[1]: *** [CMakeFiles/cmTC_2d3b8.dir/build.make:78: CMakeFiles/cmTC_2d3b8.dir/testCCompiler.c.o] Error 1
gmake[1]: Leaving directory '/home/eddi/EmbeddedMasterLv1/5기/GwangseonEo/lecture/5_week/interface/build/CMakeFiles/CMakeTmp'
gmake: *** [Makefile:127: cmTC_2d3b8/fast] Error 2



Compiling the C compiler identification source file "CMakeCCompilerId.c" failed.
Compiler: /mnt/c/msys64/mingw64/bin/gcc.exe 
Build flags: 
Id flags:  

The output was:
1
C:/msys64/mingw64/bin/../lib/gcc/x86_64-w64-mingw32/13.1.0/../../../../x86_64-w64-mingw32/bin/ld.exe: cannot open output file a.exe: Invalid argument
collect2.exe: error: ld returned 1 exit status


Compiling the C compiler identification source file "CMakeCCompilerId.c" failed.
Compiler: /mnt/c/msys64/mingw64/bin/gcc.exe 
Build flags: 
Id flags: -c 

The output was:
1
Assembler messages:
Fatal error: can't create CMakeCCompilerId.o: Invalid argument


Compiling the C compiler identification source file "CMakeCCompilerId.c" failed.
Compiler: /mnt/c/msys64/mingw64/bin/gcc.exe 
Build flags: 
Id flags: -Aa 

The output was:
1
<command-line>: error: missing '(' after predicate


Compiling the C compiler identification source file "CMakeCCompilerId.c" failed.
Compiler: /mnt/c/msys64/mingw64/bin/gcc.exe 
Build flags: 
Id flags: -D__CLASSIC_C__ 

The output was:
1
C:/msys64/mingw64/bin/../lib/gcc/x86_64-w64-mingw32/13.1.0/../../../../x86_64-w64-mingw32/bin/ld.exe: cannot open output file a.exe: Invalid argument
collect2.exe: error: ld returned 1 exit status


Compiling the C compiler identification source file "CMakeCCompilerId.c" failed.
Compiler: /mnt/c/msys64/mingw64/bin/gcc.exe 
Build flags: 
Id flags: --target=arm-arm-none-eabi;-mcpu=cortex-m3 

The output was:
1
gcc.exe: warning: '-mcpu=' is deprecated; use '-mtune=' or '-march=' instead
gcc.exe: error: unrecognized command-line option '--target=arm-arm-none-eabi'


Compiling the C compiler identification source file "CMakeCCompilerId.c" failed.
Compiler: /mnt/c/msys64/mingw64/bin/gcc.exe 
Build flags: 
Id flags: -c;-I__does_not_exist__ 

The output was:
1
Assembler messages:
Fatal error: can't create CMakeCCompilerId.o: Invalid argument


Compiling the C compiler identification source file "CMakeCCompilerId.c" failed.
Compiler: /mnt/c/msys64/mingw64/bin/gcc.exe 
Build flags: 
Id flags:  

The output was:
1
C:/msys64/mingw64/bin/../lib/gcc/x86_64-w64-mingw32/13.1.0/../../../../x86_64-w64-mingw32/bin/ld.exe: cannot open output file a.exe: Invalid argument
collect2.exe: error: ld returned 1 exit status


Compiling the C compiler identification source file "CMakeCCompilerId.c" failed.
Compiler: /mnt/c/msys64/mingw64/bin/gcc.exe 
Build flags: 
Id flags: -c 

The output was:
1
Assembler messages:
Fatal error: can't create CMakeCCompilerId.o: Invalid argument


Compiling the C compiler identification source file "CMakeCCompilerId.c" failed.
Compiler: /mnt/c/msys64/mingw64/bin/gcc.exe 
Build flags: 
Id flags: -Aa 

The output was:
1
<command-line>: error: missing '(' after predicate


Compiling the C compiler identification source file "CMakeCCompilerId.c" failed.
Compiler: /mnt/c/msys64/mingw64/bin/gcc.exe 
Build flags: 
Id flags: -D__CLASSIC_C__ 

The output was:
1
C:/msys64/mingw64/bin/../lib/gcc/x86_64-w64-mingw32/13.1.0/../../../../x86_64-w64-mingw32/bin/ld.exe: cannot open output file a.exe: Invalid argument
collect2.exe: error: ld returned 1 exit status


Compiling the C compiler identification source file "CMakeCCompilerId.c" failed.
Compiler: /mnt/c/msys64/mingw64/bin/gcc.exe 
Build flags: 
Id flags: --target=arm-arm-none-eabi;-mcpu=cortex-m3 

The output was:
1
gcc.exe: warning: '-mcpu=' is deprecated; use '-mtune=' or '-march=' instead
gcc.exe: error: unrecognized command-line option '--target=arm-arm-none-eabi'


Compiling the C compiler identification source file "CMakeCCompilerId.c" failed.
Compiler: /mnt/c/msys64/mingw64/bin/gcc.exe 
Build flags: 
Id flags: -c;-I__does_not_exist__ 

The output was:
1
Assembler messages:
Fatal error: can't create CMakeCCompilerId.o: Invalid argument


Checking whether the C compiler is IAR using "" did not match "IAR .+ Compiler":
gcc.exe: fatal error: no input files
compilation terminated.
Checking whether the C compiler is IAR using "" did not match "IAR .+ Compiler":
gcc.exe: fatal error: no input files
compilation terminated.
Detecting C compiler ABI info failed to compile with the following output:
Change Dir: /home/eddi/EmbeddedMasterLv1/5기/GwangseonEo/lecture/5_week/interface/build/CMakeFiles/CMakeTmp

Run Build Command(s):/usr/bin/gmake -f Makefile cmTC_10bb3/fast && /usr/bin/gmake  -f CMakeFiles/cmTC_10bb3.dir/build.make CMakeFiles/cmTC_10bb3.dir/build
gmake[1]: Entering directory '/home/eddi/EmbeddedMasterLv1/5기/GwangseonEo/lecture/5_week/interface/build/CMakeFiles/CMakeTmp'
Building C object CMakeFiles/cmTC_10bb3.dir/CMakeCCompilerABI.c.o
/mnt/c/msys64/mingw64/bin/gcc.exe    -o CMakeFiles/cmTC_10bb3.dir/CMakeCCompilerABI.c.o -c /usr/share/cmake-3.22/Modules/CMakeCCompilerABI.c
Assembler messages:
Fatal error: can't create CMakeFiles/cmTC_10bb3.dir/CMakeCCompilerABI.c.o: Invalid argument
gmake[1]: *** [CMakeFiles/cmTC_10bb3.dir/build.make:78: CMakeFiles/cmTC_10bb3.dir/CMakeCCompilerABI.c.o] Error 1
gmake[1]: Leaving directory '/home/eddi/EmbeddedMasterLv1/5기/GwangseonEo/lecture/5_week/interface/build/CMakeFiles/CMakeTmp'
gmake: *** [Makefile:127: cmTC_10bb3/fast] Error 2




Determining if the C compiler works failed with the following output:
Change Dir: /home/eddi/EmbeddedMasterLv1/5기/GwangseonEo/lecture/5_week/interface/build/CMakeFiles/CMakeTmp

Run Build Command(s):/usr/bin/gmake -f Makefile cmTC_a2a76/fast && /usr/bin/gmake  -f CMakeFiles/cmTC_a2a76.dir/build.make CMakeFiles/cmTC_a2a76.dir/build
gmake[1]: Entering directory '/home/eddi/EmbeddedMasterLv1/5기/GwangseonEo/lecture/5_week/interface/build/CMakeFiles/CMakeTmp'
Building C object CMakeFiles/cmTC_a2a76.dir/testCCompiler.c.o
/mnt/c/msys64/mingw64/bin/gcc.exe    -o CMakeFiles/cmTC_a2a76.dir/testCCompiler.c.o -c /home/eddi/EmbeddedMasterLv1/5기/GwangseonEo/lecture/5_week/interface/build/CMakeFiles/CMakeTmp/testCCompiler.c
Assembler messages:
Fatal error: can't create CMakeFiles/cmTC_a2a76.dir/testCCompiler.c.o: Invalid argument
gmake[1]: *** [CMakeFiles/cmTC_a2a76.dir/build.make:78: CMakeFiles/cmTC_a2a76.dir/testCCompiler.c.o] Error 1
gmake[1]: Leaving directory '/home/eddi/EmbeddedMasterLv1/5기/GwangseonEo/lecture/5_week/interface/build/CMakeFiles/CMakeTmp'
gmake: *** [Makefile:127: cmTC_a2a76/fast] Error 2



